SF:lib/core/dp/locater.dart
DA:7,3
DA:9,1
DA:10,7
LF:3
LH:3
end_of_record
SF:lib/core/live_data/ui_state.dart
DA:12,1
DA:18,1
LF:2
LH:2
end_of_record
SF:lib/models/most_popular_list.dart
DA:9,0
DA:10,0
DA:12,0
DA:13,0
DA:22,1
DA:29,2
DA:30,1
DA:31,1
DA:32,1
DA:33,6
DA:36,0
DA:37,0
DA:38,0
DA:39,0
DA:40,0
LF:15
LH:6
end_of_record
SF:lib/models/most_popular_list.g.dart
DA:9,0
DA:10,0
DA:11,0
DA:12,0
DA:13,0
DA:14,0
DA:15,0
DA:16,0
DA:19,0
DA:20,0
DA:21,0
DA:22,0
DA:23,0
DA:24,0
LF:14
LH:0
end_of_record
SF:lib/network/network_manager.dart
DA:6,3
DA:8,1
DA:9,4
DA:10,1
DA:11,5
DA:12,1
DA:17,1
DA:21,4
DA:22,1
DA:23,1
DA:24,1
DA:28,0
DA:30,0
DA:31,0
DA:32,0
DA:33,0
DA:37,0
DA:39,0
DA:40,0
DA:41,0
DA:42,0
DA:46,0
DA:48,0
DA:49,0
DA:50,0
DA:51,0
LF:26
LH:11
end_of_record
SF:lib/providers/home_provider.dart
DA:15,1
DA:17,1
DA:20,2
DA:22,1
DA:25,3
DA:26,1
DA:27,3
DA:28,1
DA:29,3
DA:30,3
DA:31,0
DA:32,1
DA:34,4
DA:36,1
LF:14
LH:13
end_of_record
SF:lib/core/live_data/live_data.dart
DA:7,1
DA:8,1
DA:9,1
DA:12,0
DA:13,0
LF:5
LH:3
end_of_record
SF:lib/models/article.dart
DA:9,0
DA:11,0
DA:37,1
DA:62,2
DA:63,1
DA:64,1
DA:65,1
DA:66,1
DA:67,1
DA:68,3
DA:69,3
DA:70,1
DA:71,1
DA:72,1
DA:73,1
DA:74,1
DA:75,1
DA:76,1
DA:77,1
DA:78,1
DA:79,5
DA:80,5
DA:81,5
DA:82,5
DA:83,6
DA:84,1
DA:87,0
DA:88,0
DA:89,0
DA:90,0
DA:91,0
DA:92,0
DA:93,0
DA:94,0
DA:95,0
DA:96,0
DA:97,0
DA:98,0
DA:99,0
DA:100,0
DA:101,0
DA:102,0
DA:103,0
DA:104,0
DA:105,0
DA:106,0
DA:107,0
DA:108,0
DA:109,0
DA:121,1
DA:130,2
DA:131,1
DA:132,1
DA:133,1
DA:134,1
DA:135,1
DA:136,6
DA:139,0
DA:140,0
DA:141,0
DA:142,0
DA:143,0
DA:144,0
DA:145,0
DA:155,1
DA:162,2
DA:163,1
DA:164,1
DA:165,1
DA:166,1
DA:169,0
DA:170,0
DA:171,0
DA:172,0
DA:173,0
LF:75
LH:38
end_of_record
SF:lib/models/article.g.dart
DA:9,0
DA:10,0
DA:11,0
DA:12,0
DA:13,0
DA:14,0
DA:15,0
DA:17,0
DA:18,0
DA:20,0
DA:21,0
DA:22,0
DA:23,0
DA:24,0
DA:25,0
DA:26,0
DA:27,0
DA:28,0
DA:29,0
DA:30,0
DA:31,0
DA:32,0
DA:33,0
DA:34,0
DA:35,0
DA:36,0
DA:37,0
DA:38,0
DA:39,0
DA:40,0
DA:41,0
DA:42,0
DA:43,0
DA:46,0
DA:47,0
DA:48,0
DA:49,0
DA:50,0
DA:51,0
DA:52,0
DA:53,0
DA:54,0
DA:55,0
DA:56,0
DA:57,0
DA:58,0
DA:59,0
DA:60,0
DA:61,0
DA:62,0
DA:63,0
DA:64,0
DA:65,0
DA:66,0
DA:67,0
DA:68,0
LF:56
LH:0
end_of_record
